

Processing HomeController#index (for 127.0.0.1 at 2019-01-10 11:04:22) [GET]
Rendering home/index
Completed in 8ms (View: 7, DB: 0) | 200 OK [http://localhost/home/index]


Processing ApplicationController#index (for 127.0.0.1 at 2019-01-10 11:05:37) [GET]

ActionController::RoutingError (No route matches "/" with {:method=>:get}):
  /usr/share/rvm/rubies/ruby-1.8.7-head/lib/ruby/1.8/webrick/httpserver.rb:104:in `service'
  /usr/share/rvm/rubies/ruby-1.8.7-head/lib/ruby/1.8/webrick/httpserver.rb:65:in `run'
  /usr/share/rvm/rubies/ruby-1.8.7-head/lib/ruby/1.8/webrick/server.rb:173:in `start_thread'
  /usr/share/rvm/rubies/ruby-1.8.7-head/lib/ruby/1.8/webrick/server.rb:162:in `start'
  /usr/share/rvm/rubies/ruby-1.8.7-head/lib/ruby/1.8/webrick/server.rb:162:in `start_thread'
  /usr/share/rvm/rubies/ruby-1.8.7-head/lib/ruby/1.8/webrick/server.rb:95:in `start'
  /usr/share/rvm/rubies/ruby-1.8.7-head/lib/ruby/1.8/webrick/server.rb:92:in `each'
  /usr/share/rvm/rubies/ruby-1.8.7-head/lib/ruby/1.8/webrick/server.rb:92:in `start'
  /usr/share/rvm/rubies/ruby-1.8.7-head/lib/ruby/1.8/webrick/server.rb:23:in `start'
  /usr/share/rvm/rubies/ruby-1.8.7-head/lib/ruby/1.8/webrick/server.rb:82:in `start'

Rendering rescues/layout (not_found)


Processing HomeController#index (for 127.0.0.1 at 2019-01-10 11:06:27) [GET]
Rendering home/index
Completed in 2ms (View: 1, DB: 0) | 200 OK [http://localhost/]
  [4;36;1mSQL (0.3ms)[0m   [0;1m SELECT name
 FROM sqlite_master
 WHERE type = 'table' AND NOT name = 'sqlite_sequence'
[0m
  [4;35;1mSQL (0.1ms)[0m   [0mselect sqlite_version(*)[0m
  [4;36;1mSQL (12.5ms)[0m   [0;1mCREATE TABLE "schema_migrations" ("version" varchar(255) NOT NULL) [0m
  [4;35;1mSQL (0.1ms)[0m   [0mPRAGMA index_list("schema_migrations")[0m
  [4;36;1mSQL (9.8ms)[0m   [0;1mCREATE UNIQUE INDEX "unique_schema_migrations" ON "schema_migrations" ("version")[0m
  [4;35;1mSQL (0.2ms)[0m   [0m SELECT name
 FROM sqlite_master
 WHERE type = 'table' AND NOT name = 'sqlite_sequence'
[0m
  [4;36;1mSQL (0.1ms)[0m   [0;1mSELECT version FROM schema_migrations[0m
Migrating to CreateStudents (20190110053828)
  [4;35;1mSQL (0.4ms)[0m   [0mCREATE TABLE "students" ("id" INTEGER PRIMARY KEY AUTOINCREMENT NOT NULL, "name" varchar(255), "marks" integer, "created_at" datetime, "updated_at" datetime) [0m
  [4;36;1mSQL (0.1ms)[0m   [0;1mINSERT INTO schema_migrations (version) VALUES ('20190110053828')[0m
  [4;35;1mSQL (0.2ms)[0m   [0m SELECT name
 FROM sqlite_master
 WHERE type = 'table' AND NOT name = 'sqlite_sequence'
[0m
  [4;36;1mSQL (0.1ms)[0m   [0;1mSELECT version FROM schema_migrations[0m
  [4;35;1mSQL (0.1ms)[0m   [0m SELECT name
 FROM sqlite_master
 WHERE type = 'table' AND NOT name = 'sqlite_sequence'
[0m
  [4;36;1mSQL (0.1ms)[0m   [0;1mPRAGMA index_list("students")[0m


Processing HomeController#index (for 127.0.0.1 at 2019-01-10 11:18:23) [GET]
Rendering home/index
Completed in 2ms (View: 1, DB: 0) | 200 OK [http://localhost/]


Processing HomeController#index (for 127.0.0.1 at 2019-01-10 11:19:58) [GET]
Rendering home/index

ActionView::TemplateError (undefined local variable or method `stuents_path' for #<ActionView::Base:0x7f50fc248110>) on line #3 of app/views/home/index.html.erb:
1: <h1>Welcome to the practice application!!</h1>
2: <p>This is the home page!!!</p>
3: <%= link_to "Student Mark Entry", stuents_path%>

    app/views/home/index.html.erb:3
    /usr/share/rvm/rubies/ruby-1.8.7-head/lib/ruby/1.8/webrick/httpserver.rb:104:in `service'
    /usr/share/rvm/rubies/ruby-1.8.7-head/lib/ruby/1.8/webrick/httpserver.rb:65:in `run'
    /usr/share/rvm/rubies/ruby-1.8.7-head/lib/ruby/1.8/webrick/server.rb:173:in `start_thread'
    /usr/share/rvm/rubies/ruby-1.8.7-head/lib/ruby/1.8/webrick/server.rb:162:in `start'
    /usr/share/rvm/rubies/ruby-1.8.7-head/lib/ruby/1.8/webrick/server.rb:162:in `start_thread'
    /usr/share/rvm/rubies/ruby-1.8.7-head/lib/ruby/1.8/webrick/server.rb:95:in `start'
    /usr/share/rvm/rubies/ruby-1.8.7-head/lib/ruby/1.8/webrick/server.rb:92:in `each'
    /usr/share/rvm/rubies/ruby-1.8.7-head/lib/ruby/1.8/webrick/server.rb:92:in `start'
    /usr/share/rvm/rubies/ruby-1.8.7-head/lib/ruby/1.8/webrick/server.rb:23:in `start'
    /usr/share/rvm/rubies/ruby-1.8.7-head/lib/ruby/1.8/webrick/server.rb:82:in `start'

Rendered rescues/_trace (34.6ms)
Rendered rescues/_request_and_response (1.0ms)
Rendering rescues/layout (internal_server_error)


Processing HomeController#index (for 127.0.0.1 at 2019-01-10 11:20:14) [GET]
Rendering home/index
Completed in 5ms (View: 3, DB: 0) | 200 OK [http://localhost/]


Processing StudentsController#index (for 127.0.0.1 at 2019-01-10 11:20:17) [GET]

SyntaxError (/home/infibeam/Rails/practice/app/models/student.rb:4: syntax error, unexpected tINTEGER, expecting kEND):
  app/controllers/students_controller.rb:5:in `index'
  /usr/share/rvm/rubies/ruby-1.8.7-head/lib/ruby/1.8/webrick/httpserver.rb:104:in `service'
  /usr/share/rvm/rubies/ruby-1.8.7-head/lib/ruby/1.8/webrick/httpserver.rb:65:in `run'
  /usr/share/rvm/rubies/ruby-1.8.7-head/lib/ruby/1.8/webrick/server.rb:173:in `start_thread'
  /usr/share/rvm/rubies/ruby-1.8.7-head/lib/ruby/1.8/webrick/server.rb:162:in `start'
  /usr/share/rvm/rubies/ruby-1.8.7-head/lib/ruby/1.8/webrick/server.rb:162:in `start_thread'
  /usr/share/rvm/rubies/ruby-1.8.7-head/lib/ruby/1.8/webrick/server.rb:95:in `start'
  /usr/share/rvm/rubies/ruby-1.8.7-head/lib/ruby/1.8/webrick/server.rb:92:in `each'
  /usr/share/rvm/rubies/ruby-1.8.7-head/lib/ruby/1.8/webrick/server.rb:92:in `start'
  /usr/share/rvm/rubies/ruby-1.8.7-head/lib/ruby/1.8/webrick/server.rb:23:in `start'
  /usr/share/rvm/rubies/ruby-1.8.7-head/lib/ruby/1.8/webrick/server.rb:82:in `start'

Rendered rescues/_trace (78.8ms)
Rendered rescues/_request_and_response (0.2ms)
Rendering rescues/layout (internal_server_error)


Processing HomeController#index (for 127.0.0.1 at 2019-01-10 11:21:09) [GET]
Rendering home/index
Completed in 2ms (View: 1, DB: 0) | 200 OK [http://localhost/]


Processing StudentsController#index (for 127.0.0.1 at 2019-01-10 11:21:11) [GET]
  [4;36;1mStudent Load (0.3ms)[0m   [0;1mSELECT * FROM "students" [0m
Rendering template within layouts/students
Rendering students/index
Completed in 12ms (View: 6, DB: 0) | 200 OK [http://localhost/students]


Processing StudentsController#new (for 127.0.0.1 at 2019-01-10 11:21:15) [GET]
Rendering template within layouts/students
Rendering students/new
Completed in 12ms (View: 8, DB: 0) | 200 OK [http://localhost/students/new]


Processing StudentsController#create (for 127.0.0.1 at 2019-01-10 11:21:23) [POST]
  Parameters: {"student"=>{"name"=>"Hari", "marks"=>"100"}, "commit"=>"Create", "authenticity_token"=>"tkyOK188hHz5ncAUIOGWpOjV6bmdAKKzh2/JPWEN/Y4="}
Rendering template within layouts/students
Rendering students/new
Completed in 55ms (View: 47, DB: 0) | 200 OK [http://localhost/students]


Processing StudentsController#create (for 127.0.0.1 at 2019-01-10 11:21:33) [POST]
  Parameters: {"student"=>{"name"=>"HariPrasath", "marks"=>"100"}, "commit"=>"Create", "authenticity_token"=>"tkyOK188hHz5ncAUIOGWpOjV6bmdAKKzh2/JPWEN/Y4="}
  [4;35;1mStudent Create (0.2ms)[0m   [0mINSERT INTO "students" ("name", "marks", "updated_at", "created_at") VALUES('HariPrasath', 100, '2019-01-10 05:51:33', '2019-01-10 05:51:33')[0m
Redirected to http://localhost:3000/students/1
Completed in 15ms (DB: 0) | 302 Found [http://localhost/students]


Processing StudentsController#show (for 127.0.0.1 at 2019-01-10 11:21:33) [GET]
  Parameters: {"id"=>"1"}
  [4;36;1mStudent Load (0.2ms)[0m   [0;1mSELECT * FROM "students" WHERE ("students"."id" = 1) [0m
Rendering template within layouts/students
Rendering students/show
Completed in 11ms (View: 6, DB: 0) | 200 OK [http://localhost/students/1]


Processing StudentsController#index (for 127.0.0.1 at 2019-01-10 11:21:46) [GET]
  [4;35;1mStudent Load (0.3ms)[0m   [0mSELECT * FROM "students" [0m
Rendering template within layouts/students
Rendering students/index
Completed in 8ms (View: 4, DB: 0) | 200 OK [http://localhost/students]


Processing StudentsController#new (for 127.0.0.1 at 2019-01-10 11:21:48) [GET]
Rendering template within layouts/students
Rendering students/new
Completed in 9ms (View: 5, DB: 0) | 200 OK [http://localhost/students/new]


Processing StudentsController#create (for 127.0.0.1 at 2019-01-10 11:22:47) [POST]
  Parameters: {"student"=>{"name"=>"Rk", "marks"=>"110"}, "commit"=>"Create", "authenticity_token"=>"tkyOK188hHz5ncAUIOGWpOjV6bmdAKKzh2/JPWEN/Y4="}
Rendering template within layouts/students
Rendering students/new
Completed in 15ms (View: 9, DB: 0) | 200 OK [http://localhost/students]


Processing StudentsController#create (for 127.0.0.1 at 2019-01-10 11:23:07) [POST]
  Parameters: {"student"=>{"name"=>"abcdef", "marks"=>"90"}, "commit"=>"Create", "authenticity_token"=>"tkyOK188hHz5ncAUIOGWpOjV6bmdAKKzh2/JPWEN/Y4="}
  [4;36;1mStudent Create (0.2ms)[0m   [0;1mINSERT INTO "students" ("name", "marks", "updated_at", "created_at") VALUES('abcdef', 90, '2019-01-10 05:53:07', '2019-01-10 05:53:07')[0m
Redirected to http://localhost:3000/students/2
Completed in 57ms (DB: 0) | 302 Found [http://localhost/students]


Processing StudentsController#show (for 127.0.0.1 at 2019-01-10 11:23:07) [GET]
  Parameters: {"id"=>"2"}
  [4;35;1mStudent Load (0.1ms)[0m   [0mSELECT * FROM "students" WHERE ("students"."id" = 2) [0m
Rendering template within layouts/students
Rendering students/show
Completed in 7ms (View: 2, DB: 0) | 200 OK [http://localhost/students/2]


Processing StudentsController#index (for 127.0.0.1 at 2019-01-10 11:23:08) [GET]
  [4;36;1mStudent Load (0.3ms)[0m   [0;1mSELECT * FROM "students" [0m
Rendering template within layouts/students
Rendering students/index
Completed in 10ms (View: 6, DB: 0) | 200 OK [http://localhost/students]
  [4;36;1mSQL (0.4ms)[0m   [0;1m SELECT name
 FROM sqlite_master
 WHERE type = 'table' AND NOT name = 'sqlite_sequence'
[0m
  [4;35;1mSQL (0.1ms)[0m   [0mSELECT version FROM schema_migrations[0m
Migrating to CreateStudents (20190110053828)
Migrating to AddRankToStudent (20190110055621)
  [4;36;1mSQL (0.1ms)[0m   [0;1mselect sqlite_version(*)[0m
  [4;35;1mSQL (0.4ms)[0m   [0mALTER TABLE "students" ADD "rank" integer[0m
  [4;36;1mSQL (0.1ms)[0m   [0;1mINSERT INTO schema_migrations (version) VALUES ('20190110055621')[0m
  [4;35;1mSQL (0.2ms)[0m   [0m SELECT name
 FROM sqlite_master
 WHERE type = 'table' AND NOT name = 'sqlite_sequence'
[0m
  [4;36;1mSQL (0.1ms)[0m   [0;1mSELECT version FROM schema_migrations[0m
  [4;35;1mSQL (0.1ms)[0m   [0m SELECT name
 FROM sqlite_master
 WHERE type = 'table' AND NOT name = 'sqlite_sequence'
[0m
  [4;36;1mSQL (0.1ms)[0m   [0;1mPRAGMA index_list("students")[0m


Processing HomeController#index (for 127.0.0.1 at 2019-01-10 11:27:08) [GET]
Rendering home/index
Completed in 2ms (View: 1, DB: 0) | 200 OK [http://localhost/]


Processing StudentsController#index (for 127.0.0.1 at 2019-01-10 11:27:10) [GET]
  [4;35;1mStudent Load (0.3ms)[0m   [0mSELECT * FROM "students" [0m
Rendering template within layouts/students
Rendering students/index
Completed in 10ms (View: 6, DB: 0) | 200 OK [http://localhost/students]


Processing StudentsController#new (for 127.0.0.1 at 2019-01-10 11:27:12) [GET]
Rendering template within layouts/students
Rendering students/new
Completed in 9ms (View: 5, DB: 0) | 200 OK [http://localhost/students/new]


Processing StudentsController#index (for 127.0.0.1 at 2019-01-10 11:27:14) [GET]
  [4;36;1mStudent Load (0.3ms)[0m   [0;1mSELECT * FROM "students" [0m
Rendering template within layouts/students
Rendering students/index
Completed in 10ms (View: 6, DB: 0) | 200 OK [http://localhost/students]
  [4;36;1mStudent Create (0.4ms)[0m   [0;1mINSERT INTO "students" ("name", "updated_at", "rank", "marks", "created_at") VALUES('rajakumar', '2019-01-10 05:58:48', 1, 100, '2019-01-10 05:58:48')[0m
  [4;35;1mStudent Load (0.6ms)[0m   [0mSELECT * FROM "students" [0m


Processing StudentsController#index (for 127.0.0.1 at 2019-01-10 11:29:05) [GET]
  [4;35;1mStudent Load (0.3ms)[0m   [0mSELECT * FROM "students" [0m
Rendering template within layouts/students
Rendering students/index
Completed in 12ms (View: 8, DB: 0) | 200 OK [http://localhost/students]


Processing HomeController#index (for 127.0.0.1 at 2019-01-10 11:33:03) [GET]
Rendering home/index
Completed in 2ms (View: 1, DB: 0) | 200 OK [http://localhost/]


Processing StudentsController#index (for 127.0.0.1 at 2019-01-10 11:33:04) [GET]
  [4;36;1mStudent Load (0.3ms)[0m   [0;1mSELECT * FROM "students" [0m
Rendering template within layouts/students
Rendering students/index
Completed in 15ms (View: 11, DB: 0) | 200 OK [http://localhost/students]


Processing StudentsController#index (for 127.0.0.1 at 2019-01-10 11:33:30) [GET]
  [4;35;1mStudent Load (0.4ms)[0m   [0mSELECT * FROM "students" [0m
Rendering template within layouts/students
Rendering students/index
Completed in 15ms (View: 10, DB: 0) | 200 OK [http://localhost/students]
  [4;36;1mStudent Load (0.4ms)[0m   [0;1mSELECT * FROM "students" [0m
  [4;35;1mStudent Load (0.4ms)[0m   [0mSELECT rank FROM "students" [0m
  [4;36;1mSQL (0.4ms)[0m   [0;1m SELECT name
 FROM sqlite_master
 WHERE type = 'table' AND NOT name = 'sqlite_sequence'
[0m
  [4;35;1mSQL (0.1ms)[0m   [0mSELECT version FROM schema_migrations[0m
Migrating to CreateStudents (20190110053828)
Migrating to AddRankToStudent (20190110055621)
Migrating to UpdateRankToStudents (20190110060850)
  [4;36;1mSQL (0.1ms)[0m   [0;1mselect sqlite_version(*)[0m
  [4;35;1mStudent Update (0.0ms)[0m   [0mSQLite3::SQLException: no such column: nil: UPDATE "students" SET rank = nil [0m
  [4;36;1mSQL (0.4ms)[0m   [0;1m SELECT name
 FROM sqlite_master
 WHERE type = 'table' AND NOT name = 'sqlite_sequence'
[0m
  [4;35;1mSQL (0.1ms)[0m   [0mSELECT version FROM schema_migrations[0m
Migrating to CreateStudents (20190110053828)
Migrating to AddRankToStudent (20190110055621)
Migrating to UpdateRankToStudents (20190110060850)
  [4;36;1mSQL (0.1ms)[0m   [0;1mselect sqlite_version(*)[0m
  [4;35;1mStudent Update (0.2ms)[0m   [0mUPDATE "students" SET rank = 0 [0m
  [4;36;1mSQL (0.1ms)[0m   [0;1mINSERT INTO schema_migrations (version) VALUES ('20190110060850')[0m
  [4;35;1mSQL (0.2ms)[0m   [0m SELECT name
 FROM sqlite_master
 WHERE type = 'table' AND NOT name = 'sqlite_sequence'
[0m
  [4;36;1mSQL (0.1ms)[0m   [0;1mSELECT version FROM schema_migrations[0m
  [4;35;1mSQL (0.1ms)[0m   [0m SELECT name
 FROM sqlite_master
 WHERE type = 'table' AND NOT name = 'sqlite_sequence'
[0m
  [4;36;1mSQL (0.1ms)[0m   [0;1mPRAGMA index_list("students")[0m


Processing StudentsController#index (for 127.0.0.1 at 2019-01-10 11:41:26) [GET]
  [4;36;1mStudent Load (0.3ms)[0m   [0;1mSELECT * FROM "students" [0m
Rendering template within layouts/students
Rendering students/index
Completed in 11ms (View: 7, DB: 0) | 200 OK [http://localhost/students]


Processing StudentsController#index (for 127.0.0.1 at 2019-01-10 11:46:03) [GET]
  [4;35;1mStudent Load (0.3ms)[0m   [0mSELECT * FROM "students" [0m
Rendering template within layouts/students
Rendering students/index
Completed in 49ms (View: 45, DB: 0) | 200 OK [http://localhost/students]


Processing StudentsController#new (for 127.0.0.1 at 2019-01-10 11:46:06) [GET]
Rendering template within layouts/students
Rendering students/new
Completed in 13ms (View: 9, DB: 0) | 200 OK [http://localhost/students/new]


Processing StudentsController#create (for 127.0.0.1 at 2019-01-10 11:46:25) [POST]
  Parameters: {"student"=>{"name"=>"Kalarani", "marks"=>"10", "rank"=>"1"}, "commit"=>"Create", "authenticity_token"=>"tkyOK188hHz5ncAUIOGWpOjV6bmdAKKzh2/JPWEN/Y4="}
  [4;36;1mStudent Create (0.3ms)[0m   [0;1mINSERT INTO "students" ("name", "marks", "updated_at", "rank", "created_at") VALUES('Kalarani', 10, '2019-01-10 06:16:25', 1, '2019-01-10 06:16:25')[0m
Redirected to http://localhost:3000/students/4
Completed in 18ms (DB: 0) | 302 Found [http://localhost/students]


Processing StudentsController#show (for 127.0.0.1 at 2019-01-10 11:46:25) [GET]
  Parameters: {"id"=>"4"}
  [4;35;1mStudent Load (0.1ms)[0m   [0mSELECT * FROM "students" WHERE ("students"."id" = 4) [0m
Rendering template within layouts/students
Rendering students/show
Completed in 10ms (View: 5, DB: 0) | 200 OK [http://localhost/students/4]


Processing StudentsController#index (for 127.0.0.1 at 2019-01-10 11:46:28) [GET]
  [4;36;1mStudent Load (0.4ms)[0m   [0;1mSELECT * FROM "students" [0m
Rendering template within layouts/students
Rendering students/index
Completed in 13ms (View: 9, DB: 0) | 200 OK [http://localhost/students]


Processing StudentsController#show (for 127.0.0.1 at 2019-01-10 11:46:49) [GET]
  Parameters: {"id"=>"4"}
  [4;35;1mStudent Load (0.2ms)[0m   [0mSELECT * FROM "students" WHERE ("students"."id" = 4) [0m
Rendering template within layouts/students
Rendering students/show
Completed in 10ms (View: 4, DB: 0) | 200 OK [http://localhost/students/4]


Processing StudentsController#index (for 127.0.0.1 at 2019-01-10 11:46:52) [GET]
  [4;36;1mStudent Load (0.4ms)[0m   [0;1mSELECT * FROM "students" [0m
Rendering template within layouts/students
Rendering students/index
Completed in 14ms (View: 9, DB: 0) | 200 OK [http://localhost/students]


Processing StudentsController#edit (for 127.0.0.1 at 2019-01-10 11:47:01) [GET]
  Parameters: {"id"=>"4"}
  [4;35;1mStudent Load (0.2ms)[0m   [0mSELECT * FROM "students" WHERE ("students"."id" = 4) [0m
Rendering template within layouts/students
Rendering students/edit
Completed in 15ms (View: 10, DB: 0) | 200 OK [http://localhost/students/4/edit]


Processing StudentsController#update (for 127.0.0.1 at 2019-01-10 11:47:05) [PUT]
  Parameters: {"id"=>"4", "student"=>{"name"=>"Kalarani", "marks"=>"100"}, "commit"=>"Update", "authenticity_token"=>"tkyOK188hHz5ncAUIOGWpOjV6bmdAKKzh2/JPWEN/Y4="}
  [4;36;1mStudent Load (0.1ms)[0m   [0;1mSELECT * FROM "students" WHERE ("students"."id" = 4) [0m
  [4;35;1mStudent Update (0.2ms)[0m   [0mUPDATE "students" SET "updated_at" = '2019-01-10 06:17:05', "marks" = 100 WHERE "id" = 4[0m
Redirected to http://localhost:3000/students/4
Completed in 20ms (DB: 0) | 302 Found [http://localhost/students/4]


Processing StudentsController#show (for 127.0.0.1 at 2019-01-10 11:47:05) [GET]
  Parameters: {"id"=>"4"}
  [4;36;1mStudent Load (0.2ms)[0m   [0;1mSELECT * FROM "students" WHERE ("students"."id" = 4) [0m
Rendering template within layouts/students
Rendering students/show
Completed in 7ms (View: 3, DB: 0) | 200 OK [http://localhost/students/4]


Processing StudentsController#index (for 127.0.0.1 at 2019-01-10 11:47:07) [GET]
  [4;35;1mStudent Load (0.4ms)[0m   [0mSELECT * FROM "students" [0m
Rendering template within layouts/students
Rendering students/index
Completed in 13ms (View: 8, DB: 0) | 200 OK [http://localhost/students]


Processing StudentsController#edit (for 127.0.0.1 at 2019-01-10 11:49:29) [GET]
  Parameters: {"id"=>"1"}
  [4;36;1mStudent Load (0.2ms)[0m   [0;1mSELECT * FROM "students" WHERE ("students"."id" = 1) [0m
Rendering template within layouts/students
Rendering students/edit
Completed in 13ms (View: 7, DB: 0) | 200 OK [http://localhost/students/1/edit]


Processing StudentsController#index (for 127.0.0.1 at 2019-01-10 11:53:22) [GET]
  [4;35;1mStudent Load (0.4ms)[0m   [0mSELECT * FROM "students" [0m
Rendering template within layouts/students
Rendering students/index
Completed in 17ms (View: 13, DB: 0) | 200 OK [http://localhost/students]


Processing StudentsController#destroy (for 127.0.0.1 at 2019-01-10 11:53:24) [DELETE]
  Parameters: {"id"=>"1", "authenticity_token"=>"tkyOK188hHz5ncAUIOGWpOjV6bmdAKKzh2/JPWEN/Y4="}
  [4;36;1mStudent Load (0.1ms)[0m   [0;1mSELECT * FROM "students" WHERE ("students"."id" = 1) [0m
  [4;35;1mStudent Destroy (0.2ms)[0m   [0mDELETE FROM "students" WHERE "id" = 1[0m
Redirected to http://localhost:3000/students
Completed in 18ms (DB: 0) | 302 Found [http://localhost/students/1]


Processing StudentsController#index (for 127.0.0.1 at 2019-01-10 11:53:24) [GET]
  [4;36;1mStudent Load (0.3ms)[0m   [0;1mSELECT * FROM "students" [0m
Rendering template within layouts/students
Rendering students/index
Completed in 12ms (View: 9, DB: 0) | 200 OK [http://localhost/students]


Processing StudentsController#new (for 127.0.0.1 at 2019-01-10 11:53:27) [GET]
Rendering template within layouts/students
Rendering students/new
Completed in 9ms (View: 5, DB: 0) | 200 OK [http://localhost/students/new]


Processing StudentsController#create (for 127.0.0.1 at 2019-01-10 11:53:38) [POST]
  Parameters: {"student"=>{"name"=>"HariPrasath", "marks"=>"100", "rank"=>"1"}, "commit"=>"Create", "authenticity_token"=>"tkyOK188hHz5ncAUIOGWpOjV6bmdAKKzh2/JPWEN/Y4="}
  [4;35;1mStudent Create (0.2ms)[0m   [0mINSERT INTO "students" ("name", "marks", "updated_at", "rank", "created_at") VALUES('HariPrasath', 100, '2019-01-10 06:23:38', 1, '2019-01-10 06:23:38')[0m
Redirected to http://localhost:3000/students/5
Completed in 14ms (DB: 0) | 302 Found [http://localhost/students]


Processing StudentsController#show (for 127.0.0.1 at 2019-01-10 11:53:38) [GET]
  Parameters: {"id"=>"5"}
  [4;36;1mStudent Load (0.2ms)[0m   [0;1mSELECT * FROM "students" WHERE ("students"."id" = 5) [0m
Rendering template within layouts/students
Rendering students/show
Completed in 7ms (View: 2, DB: 0) | 200 OK [http://localhost/students/5]


Processing StudentsController#index (for 127.0.0.1 at 2019-01-10 11:53:41) [GET]
  [4;35;1mStudent Load (0.4ms)[0m   [0mSELECT * FROM "students" [0m
Rendering template within layouts/students
Rendering students/index
Completed in 14ms (View: 10, DB: 0) | 200 OK [http://localhost/students]


Processing HomeController#index (for 127.0.0.1 at 2019-01-10 11:55:01) [GET]
Rendering home/index
Completed in 7ms (View: 6, DB: 0) | 200 OK [http://localhost/]


Processing StudentsController#index (for 127.0.0.1 at 2019-01-10 11:55:03) [GET]
  [4;36;1mStudent Load (0.3ms)[0m   [0;1mSELECT * FROM "students" [0m
Rendering template within layouts/students
Rendering students/index
Completed in 11ms (View: 7, DB: 0) | 200 OK [http://localhost/students]


Processing StudentsController#edit (for 127.0.0.1 at 2019-01-10 11:55:07) [GET]
  Parameters: {"id"=>"2"}
  [4;35;1mStudent Load (0.2ms)[0m   [0mSELECT * FROM "students" WHERE ("students"."id" = 2) [0m
Rendering template within layouts/students
Rendering students/edit

ActionView::TemplateError (undefined local variable or method `student' for #<ActionView::Base:0x7f50f92102b8>) on line #21 of app/views/students/edit.html.erb:
18: 
19: <%= link_to 'Show', @student %> |
20: <%= link_to 'Back', students_path %>
21: <%= link_to 'Destroy', student, :confirm => 'Are you in your right mind?', :method => :delete %>

    app/views/students/edit.html.erb:21
    /usr/share/rvm/rubies/ruby-1.8.7-head/lib/ruby/1.8/webrick/httpserver.rb:104:in `service'
    /usr/share/rvm/rubies/ruby-1.8.7-head/lib/ruby/1.8/webrick/httpserver.rb:65:in `run'
    /usr/share/rvm/rubies/ruby-1.8.7-head/lib/ruby/1.8/webrick/server.rb:173:in `start_thread'
    /usr/share/rvm/rubies/ruby-1.8.7-head/lib/ruby/1.8/webrick/server.rb:162:in `start'
    /usr/share/rvm/rubies/ruby-1.8.7-head/lib/ruby/1.8/webrick/server.rb:162:in `start_thread'
    /usr/share/rvm/rubies/ruby-1.8.7-head/lib/ruby/1.8/webrick/server.rb:95:in `start'
    /usr/share/rvm/rubies/ruby-1.8.7-head/lib/ruby/1.8/webrick/server.rb:92:in `each'
    /usr/share/rvm/rubies/ruby-1.8.7-head/lib/ruby/1.8/webrick/server.rb:92:in `start'
    /usr/share/rvm/rubies/ruby-1.8.7-head/lib/ruby/1.8/webrick/server.rb:23:in `start'
    /usr/share/rvm/rubies/ruby-1.8.7-head/lib/ruby/1.8/webrick/server.rb:82:in `start'

Rendered rescues/_trace (81.0ms)
Rendered rescues/_request_and_response (0.5ms)
Rendering rescues/layout (internal_server_error)


Processing StudentsController#edit (for 127.0.0.1 at 2019-01-10 11:55:07) [GET]
  Parameters: {"id"=>"2"}
  [4;36;1mStudent Load (0.2ms)[0m   [0;1mSELECT * FROM "students" WHERE ("students"."id" = 2) [0m
Rendering template within layouts/students
Rendering students/edit

ActionView::TemplateError (undefined local variable or method `student' for #<ActionView::Base:0x7f50f928a450>) on line #21 of app/views/students/edit.html.erb:
18: 
19: <%= link_to 'Show', @student %> |
20: <%= link_to 'Back', students_path %>
21: <%= link_to 'Destroy', student, :confirm => 'Are you in your right mind?', :method => :delete %>

    app/views/students/edit.html.erb:21
    /usr/share/rvm/rubies/ruby-1.8.7-head/lib/ruby/1.8/webrick/httpserver.rb:104:in `service'
    /usr/share/rvm/rubies/ruby-1.8.7-head/lib/ruby/1.8/webrick/httpserver.rb:65:in `run'
    /usr/share/rvm/rubies/ruby-1.8.7-head/lib/ruby/1.8/webrick/server.rb:173:in `start_thread'
    /usr/share/rvm/rubies/ruby-1.8.7-head/lib/ruby/1.8/webrick/server.rb:162:in `start'
    /usr/share/rvm/rubies/ruby-1.8.7-head/lib/ruby/1.8/webrick/server.rb:162:in `start_thread'
    /usr/share/rvm/rubies/ruby-1.8.7-head/lib/ruby/1.8/webrick/server.rb:95:in `start'
    /usr/share/rvm/rubies/ruby-1.8.7-head/lib/ruby/1.8/webrick/server.rb:92:in `each'
    /usr/share/rvm/rubies/ruby-1.8.7-head/lib/ruby/1.8/webrick/server.rb:92:in `start'
    /usr/share/rvm/rubies/ruby-1.8.7-head/lib/ruby/1.8/webrick/server.rb:23:in `start'
    /usr/share/rvm/rubies/ruby-1.8.7-head/lib/ruby/1.8/webrick/server.rb:82:in `start'

Rendered rescues/_trace (82.4ms)
Rendered rescues/_request_and_response (0.4ms)
Rendering rescues/layout (internal_server_error)


Processing StudentsController#index (for 127.0.0.1 at 2019-01-10 11:55:38) [GET]
  [4;35;1mStudent Load (0.9ms)[0m   [0mSELECT * FROM "students" [0m
Rendering template within layouts/students
Rendering students/index
Completed in 11ms (View: 5, DB: 1) | 200 OK [http://localhost/students]


Processing StudentsController#edit (for 127.0.0.1 at 2019-01-10 11:55:40) [GET]
  Parameters: {"id"=>"2"}
  [4;36;1mStudent Load (0.1ms)[0m   [0;1mSELECT * FROM "students" WHERE ("students"."id" = 2) [0m
Rendering template within layouts/students
Rendering students/edit
Completed in 14ms (View: 11, DB: 0) | 200 OK [http://localhost/students/2/edit]


Processing StudentsController#destroy (for 127.0.0.1 at 2019-01-10 11:55:44) [DELETE]
  Parameters: {"id"=>"2", "authenticity_token"=>"tkyOK188hHz5ncAUIOGWpOjV6bmdAKKzh2/JPWEN/Y4="}
  [4;35;1mStudent Load (0.2ms)[0m   [0mSELECT * FROM "students" WHERE ("students"."id" = 2) [0m
  [4;36;1mStudent Destroy (0.2ms)[0m   [0;1mDELETE FROM "students" WHERE "id" = 2[0m
Redirected to http://localhost:3000/students
Completed in 12ms (DB: 0) | 302 Found [http://localhost/students/2]


Processing StudentsController#index (for 127.0.0.1 at 2019-01-10 11:55:44) [GET]
  [4;35;1mStudent Load (0.4ms)[0m   [0mSELECT * FROM "students" [0m
Rendering template within layouts/students
Rendering students/index
Completed in 10ms (View: 5, DB: 0) | 200 OK [http://localhost/students]


Processing ApplicationController#index (for 127.0.0.1 at 2019-01-10 11:59:30) [GET]

NameError (uninitialized constant StudentController):
  /usr/share/rvm/rubies/ruby-1.8.7-head/lib/ruby/1.8/webrick/httpserver.rb:104:in `service'
  /usr/share/rvm/rubies/ruby-1.8.7-head/lib/ruby/1.8/webrick/httpserver.rb:65:in `run'
  /usr/share/rvm/rubies/ruby-1.8.7-head/lib/ruby/1.8/webrick/server.rb:173:in `start_thread'
  /usr/share/rvm/rubies/ruby-1.8.7-head/lib/ruby/1.8/webrick/server.rb:162:in `start'
  /usr/share/rvm/rubies/ruby-1.8.7-head/lib/ruby/1.8/webrick/server.rb:162:in `start_thread'
  /usr/share/rvm/rubies/ruby-1.8.7-head/lib/ruby/1.8/webrick/server.rb:95:in `start'
  /usr/share/rvm/rubies/ruby-1.8.7-head/lib/ruby/1.8/webrick/server.rb:92:in `each'
  /usr/share/rvm/rubies/ruby-1.8.7-head/lib/ruby/1.8/webrick/server.rb:92:in `start'
  /usr/share/rvm/rubies/ruby-1.8.7-head/lib/ruby/1.8/webrick/server.rb:23:in `start'
  /usr/share/rvm/rubies/ruby-1.8.7-head/lib/ruby/1.8/webrick/server.rb:82:in `start'

Rendered rescues/_trace (64.8ms)
Rendered rescues/_request_and_response (0.3ms)
Rendering rescues/layout (internal_server_error)


Processing StudentsController#index (for 127.0.0.1 at 2019-01-10 12:00:12) [GET]
  [4;36;1mStudent Load (0.4ms)[0m   [0;1mSELECT * FROM "students" [0m
Rendering template within layouts/students
Rendering students/index
Completed in 8ms (View: 4, DB: 0) | 200 OK [http://localhost/]


Processing StudentsController#index (for 127.0.0.1 at 2019-01-10 12:02:09) [GET]
Rendering template within layouts/students
Rendering students/index

ActionView::TemplateError (You have a nil object when you didn't expect it!
You might have expected an instance of Array.
The error occurred while evaluating nil.each) on line #10 of app/views/students/index.html.erb:
7:     <th>Rank</th>
8:   </tr>
9: 
10: <% @students.each do |student| %>
11:   <tr>
12:     <td><%=h student.name %></td>
13:     <td><%=h student.marks %></td>

    app/views/students/index.html.erb:10
    /usr/share/rvm/rubies/ruby-1.8.7-head/lib/ruby/1.8/webrick/httpserver.rb:104:in `service'
    /usr/share/rvm/rubies/ruby-1.8.7-head/lib/ruby/1.8/webrick/httpserver.rb:65:in `run'
    /usr/share/rvm/rubies/ruby-1.8.7-head/lib/ruby/1.8/webrick/server.rb:173:in `start_thread'
    /usr/share/rvm/rubies/ruby-1.8.7-head/lib/ruby/1.8/webrick/server.rb:162:in `start'
    /usr/share/rvm/rubies/ruby-1.8.7-head/lib/ruby/1.8/webrick/server.rb:162:in `start_thread'
    /usr/share/rvm/rubies/ruby-1.8.7-head/lib/ruby/1.8/webrick/server.rb:95:in `start'
    /usr/share/rvm/rubies/ruby-1.8.7-head/lib/ruby/1.8/webrick/server.rb:92:in `each'
    /usr/share/rvm/rubies/ruby-1.8.7-head/lib/ruby/1.8/webrick/server.rb:92:in `start'
    /usr/share/rvm/rubies/ruby-1.8.7-head/lib/ruby/1.8/webrick/server.rb:23:in `start'
    /usr/share/rvm/rubies/ruby-1.8.7-head/lib/ruby/1.8/webrick/server.rb:82:in `start'

Rendered rescues/_trace (76.2ms)
Rendered rescues/_request_and_response (0.3ms)
Rendering rescues/layout (internal_server_error)


Processing StudentsController#index (for 127.0.0.1 at 2019-01-10 12:03:29) [GET]
Rendering template within layouts/students
Rendering students/show

ActionView::TemplateError (undefined method `name' for nil:NilClass) on line #3 of app/views/students/show.html.erb:
1: <p>
2:   <b>Name:</b>
3:   <%=h @student.name %>
4: </p>
5: 
6: <p>

    app/views/students/show.html.erb:3
    app/controllers/students_controller.rb:13:in `index'
    /usr/share/rvm/rubies/ruby-1.8.7-head/lib/ruby/1.8/webrick/httpserver.rb:104:in `service'
    /usr/share/rvm/rubies/ruby-1.8.7-head/lib/ruby/1.8/webrick/httpserver.rb:65:in `run'
    /usr/share/rvm/rubies/ruby-1.8.7-head/lib/ruby/1.8/webrick/server.rb:173:in `start_thread'
    /usr/share/rvm/rubies/ruby-1.8.7-head/lib/ruby/1.8/webrick/server.rb:162:in `start'
    /usr/share/rvm/rubies/ruby-1.8.7-head/lib/ruby/1.8/webrick/server.rb:162:in `start_thread'
    /usr/share/rvm/rubies/ruby-1.8.7-head/lib/ruby/1.8/webrick/server.rb:95:in `start'
    /usr/share/rvm/rubies/ruby-1.8.7-head/lib/ruby/1.8/webrick/server.rb:92:in `each'
    /usr/share/rvm/rubies/ruby-1.8.7-head/lib/ruby/1.8/webrick/server.rb:92:in `start'
    /usr/share/rvm/rubies/ruby-1.8.7-head/lib/ruby/1.8/webrick/server.rb:23:in `start'
    /usr/share/rvm/rubies/ruby-1.8.7-head/lib/ruby/1.8/webrick/server.rb:82:in `start'

Rendered rescues/_trace (35.9ms)
Rendered rescues/_request_and_response (0.2ms)
Rendering rescues/layout (internal_server_error)


Processing StudentsController#index (for 127.0.0.1 at 2019-01-10 12:04:34) [GET]
  [4;35;1mStudent Load (0.3ms)[0m   [0mSELECT * FROM "students" [0m
Rendering template within layouts/students
Rendering students/index
Completed in 8ms (View: 4, DB: 0) | 200 OK [http://localhost/]


Processing ApplicationController#index (for 127.0.0.1 at 2019-01-10 12:22:30) [GET]

SyntaxError (/home/infibeam/Rails/practice/app/controllers/students_controller.rb:97: syntax error, unexpected kEND, expecting $end):
  /usr/share/rvm/rubies/ruby-1.8.7-head/lib/ruby/1.8/webrick/httpserver.rb:104:in `service'
  /usr/share/rvm/rubies/ruby-1.8.7-head/lib/ruby/1.8/webrick/httpserver.rb:65:in `run'
  /usr/share/rvm/rubies/ruby-1.8.7-head/lib/ruby/1.8/webrick/server.rb:173:in `start_thread'
  /usr/share/rvm/rubies/ruby-1.8.7-head/lib/ruby/1.8/webrick/server.rb:162:in `start'
  /usr/share/rvm/rubies/ruby-1.8.7-head/lib/ruby/1.8/webrick/server.rb:162:in `start_thread'
  /usr/share/rvm/rubies/ruby-1.8.7-head/lib/ruby/1.8/webrick/server.rb:95:in `start'
  /usr/share/rvm/rubies/ruby-1.8.7-head/lib/ruby/1.8/webrick/server.rb:92:in `each'
  /usr/share/rvm/rubies/ruby-1.8.7-head/lib/ruby/1.8/webrick/server.rb:92:in `start'
  /usr/share/rvm/rubies/ruby-1.8.7-head/lib/ruby/1.8/webrick/server.rb:23:in `start'
  /usr/share/rvm/rubies/ruby-1.8.7-head/lib/ruby/1.8/webrick/server.rb:82:in `start'

Rendered rescues/_trace (66.4ms)
Rendered rescues/_request_and_response (0.3ms)
Rendering rescues/layout (internal_server_error)


Processing ApplicationController#index (for 127.0.0.1 at 2019-01-10 12:23:33) [GET]

SyntaxError (/home/infibeam/Rails/practice/app/controllers/students_controller.rb:97: syntax error, unexpected kEND, expecting $end):
  /usr/share/rvm/rubies/ruby-1.8.7-head/lib/ruby/1.8/webrick/httpserver.rb:104:in `service'
  /usr/share/rvm/rubies/ruby-1.8.7-head/lib/ruby/1.8/webrick/httpserver.rb:65:in `run'
  /usr/share/rvm/rubies/ruby-1.8.7-head/lib/ruby/1.8/webrick/server.rb:173:in `start_thread'
  /usr/share/rvm/rubies/ruby-1.8.7-head/lib/ruby/1.8/webrick/server.rb:162:in `start'
  /usr/share/rvm/rubies/ruby-1.8.7-head/lib/ruby/1.8/webrick/server.rb:162:in `start_thread'
  /usr/share/rvm/rubies/ruby-1.8.7-head/lib/ruby/1.8/webrick/server.rb:95:in `start'
  /usr/share/rvm/rubies/ruby-1.8.7-head/lib/ruby/1.8/webrick/server.rb:92:in `each'
  /usr/share/rvm/rubies/ruby-1.8.7-head/lib/ruby/1.8/webrick/server.rb:92:in `start'
  /usr/share/rvm/rubies/ruby-1.8.7-head/lib/ruby/1.8/webrick/server.rb:23:in `start'
  /usr/share/rvm/rubies/ruby-1.8.7-head/lib/ruby/1.8/webrick/server.rb:82:in `start'

Rendered rescues/_trace (25.4ms)
Rendered rescues/_request_and_response (0.3ms)
Rendering rescues/layout (internal_server_error)


Processing ApplicationController#index (for 127.0.0.1 at 2019-01-10 12:25:14) [GET]

SyntaxError (/home/infibeam/Rails/practice/app/controllers/students_controller.rb:97: syntax error, unexpected kEND, expecting $end):
  /usr/share/rvm/rubies/ruby-1.8.7-head/lib/ruby/1.8/webrick/httpserver.rb:104:in `service'
  /usr/share/rvm/rubies/ruby-1.8.7-head/lib/ruby/1.8/webrick/httpserver.rb:65:in `run'
  /usr/share/rvm/rubies/ruby-1.8.7-head/lib/ruby/1.8/webrick/server.rb:173:in `start_thread'
  /usr/share/rvm/rubies/ruby-1.8.7-head/lib/ruby/1.8/webrick/server.rb:162:in `start'
  /usr/share/rvm/rubies/ruby-1.8.7-head/lib/ruby/1.8/webrick/server.rb:162:in `start_thread'
  /usr/share/rvm/rubies/ruby-1.8.7-head/lib/ruby/1.8/webrick/server.rb:95:in `start'
  /usr/share/rvm/rubies/ruby-1.8.7-head/lib/ruby/1.8/webrick/server.rb:92:in `each'
  /usr/share/rvm/rubies/ruby-1.8.7-head/lib/ruby/1.8/webrick/server.rb:92:in `start'
  /usr/share/rvm/rubies/ruby-1.8.7-head/lib/ruby/1.8/webrick/server.rb:23:in `start'
  /usr/share/rvm/rubies/ruby-1.8.7-head/lib/ruby/1.8/webrick/server.rb:82:in `start'

Rendered rescues/_trace (73.8ms)
Rendered rescues/_request_and_response (0.3ms)
Rendering rescues/layout (internal_server_error)


Processing ApplicationController#index (for 127.0.0.1 at 2019-01-10 12:26:03) [GET]

SyntaxError (/home/infibeam/Rails/practice/app/controllers/students_controller.rb:97: syntax error, unexpected kEND, expecting $end):
  /usr/share/rvm/rubies/ruby-1.8.7-head/lib/ruby/1.8/webrick/httpserver.rb:104:in `service'
  /usr/share/rvm/rubies/ruby-1.8.7-head/lib/ruby/1.8/webrick/httpserver.rb:65:in `run'
  /usr/share/rvm/rubies/ruby-1.8.7-head/lib/ruby/1.8/webrick/server.rb:173:in `start_thread'
  /usr/share/rvm/rubies/ruby-1.8.7-head/lib/ruby/1.8/webrick/server.rb:162:in `start'
  /usr/share/rvm/rubies/ruby-1.8.7-head/lib/ruby/1.8/webrick/server.rb:162:in `start_thread'
  /usr/share/rvm/rubies/ruby-1.8.7-head/lib/ruby/1.8/webrick/server.rb:95:in `start'
  /usr/share/rvm/rubies/ruby-1.8.7-head/lib/ruby/1.8/webrick/server.rb:92:in `each'
  /usr/share/rvm/rubies/ruby-1.8.7-head/lib/ruby/1.8/webrick/server.rb:92:in `start'
  /usr/share/rvm/rubies/ruby-1.8.7-head/lib/ruby/1.8/webrick/server.rb:23:in `start'
  /usr/share/rvm/rubies/ruby-1.8.7-head/lib/ruby/1.8/webrick/server.rb:82:in `start'

Rendered rescues/_trace (27.1ms)
Rendered rescues/_request_and_response (0.2ms)
Rendering rescues/layout (internal_server_error)


Processing ApplicationController#index (for 127.0.0.1 at 2019-01-10 12:26:07) [GET]

SyntaxError (/home/infibeam/Rails/practice/app/controllers/students_controller.rb:97: syntax error, unexpected kEND, expecting $end):
  /usr/share/rvm/rubies/ruby-1.8.7-head/lib/ruby/1.8/webrick/httpserver.rb:104:in `service'
  /usr/share/rvm/rubies/ruby-1.8.7-head/lib/ruby/1.8/webrick/httpserver.rb:65:in `run'
  /usr/share/rvm/rubies/ruby-1.8.7-head/lib/ruby/1.8/webrick/server.rb:173:in `start_thread'
  /usr/share/rvm/rubies/ruby-1.8.7-head/lib/ruby/1.8/webrick/server.rb:162:in `start'
  /usr/share/rvm/rubies/ruby-1.8.7-head/lib/ruby/1.8/webrick/server.rb:162:in `start_thread'
  /usr/share/rvm/rubies/ruby-1.8.7-head/lib/ruby/1.8/webrick/server.rb:95:in `start'
  /usr/share/rvm/rubies/ruby-1.8.7-head/lib/ruby/1.8/webrick/server.rb:92:in `each'
  /usr/share/rvm/rubies/ruby-1.8.7-head/lib/ruby/1.8/webrick/server.rb:92:in `start'
  /usr/share/rvm/rubies/ruby-1.8.7-head/lib/ruby/1.8/webrick/server.rb:23:in `start'
  /usr/share/rvm/rubies/ruby-1.8.7-head/lib/ruby/1.8/webrick/server.rb:82:in `start'

Rendered rescues/_trace (27.7ms)
Rendered rescues/_request_and_response (0.2ms)
Rendering rescues/layout (internal_server_error)


Processing ApplicationController#index (for 127.0.0.1 at 2019-01-10 12:26:22) [GET]

SyntaxError (/home/infibeam/Rails/practice/app/controllers/students_controller.rb:97: syntax error, unexpected kEND, expecting $end):
  /usr/share/rvm/rubies/ruby-1.8.7-head/lib/ruby/1.8/webrick/httpserver.rb:104:in `service'
  /usr/share/rvm/rubies/ruby-1.8.7-head/lib/ruby/1.8/webrick/httpserver.rb:65:in `run'
  /usr/share/rvm/rubies/ruby-1.8.7-head/lib/ruby/1.8/webrick/server.rb:173:in `start_thread'
  /usr/share/rvm/rubies/ruby-1.8.7-head/lib/ruby/1.8/webrick/server.rb:162:in `start'
  /usr/share/rvm/rubies/ruby-1.8.7-head/lib/ruby/1.8/webrick/server.rb:162:in `start_thread'
  /usr/share/rvm/rubies/ruby-1.8.7-head/lib/ruby/1.8/webrick/server.rb:95:in `start'
  /usr/share/rvm/rubies/ruby-1.8.7-head/lib/ruby/1.8/webrick/server.rb:92:in `each'
  /usr/share/rvm/rubies/ruby-1.8.7-head/lib/ruby/1.8/webrick/server.rb:92:in `start'
  /usr/share/rvm/rubies/ruby-1.8.7-head/lib/ruby/1.8/webrick/server.rb:23:in `start'
  /usr/share/rvm/rubies/ruby-1.8.7-head/lib/ruby/1.8/webrick/server.rb:82:in `start'

Rendered rescues/_trace (26.8ms)
Rendered rescues/_request_and_response (0.3ms)
Rendering rescues/layout (internal_server_error)


Processing StudentsController#index (for 127.0.0.1 at 2019-01-10 12:27:00) [GET]
  [4;36;1mStudent Load (0.4ms)[0m   [0;1mSELECT * FROM "students" [0m
Rendering template within layouts/students
Rendering students/index

ActionView::TemplateError (Called id for nil, which would mistakenly be 4 -- if you really wanted the id of nil, use object_id) on line #23 of app/views/students/index.html.erb:
20: </table>
21: 
22: <br />
23: 	<% form_for(@student) do |f| %>
24:   <%= f.error_messages %>
25:   <p>
26:     <%= f.label :search %><br />

    app/views/students/index.html.erb:23
    app/controllers/students_controller.rb:8:in `index'
    /usr/share/rvm/rubies/ruby-1.8.7-head/lib/ruby/1.8/webrick/httpserver.rb:104:in `service'
    /usr/share/rvm/rubies/ruby-1.8.7-head/lib/ruby/1.8/webrick/httpserver.rb:65:in `run'
    /usr/share/rvm/rubies/ruby-1.8.7-head/lib/ruby/1.8/webrick/server.rb:173:in `start_thread'
    /usr/share/rvm/rubies/ruby-1.8.7-head/lib/ruby/1.8/webrick/server.rb:162:in `start'
    /usr/share/rvm/rubies/ruby-1.8.7-head/lib/ruby/1.8/webrick/server.rb:162:in `start_thread'
    /usr/share/rvm/rubies/ruby-1.8.7-head/lib/ruby/1.8/webrick/server.rb:95:in `start'
    /usr/share/rvm/rubies/ruby-1.8.7-head/lib/ruby/1.8/webrick/server.rb:92:in `each'
    /usr/share/rvm/rubies/ruby-1.8.7-head/lib/ruby/1.8/webrick/server.rb:92:in `start'
    /usr/share/rvm/rubies/ruby-1.8.7-head/lib/ruby/1.8/webrick/server.rb:23:in `start'
    /usr/share/rvm/rubies/ruby-1.8.7-head/lib/ruby/1.8/webrick/server.rb:82:in `start'

Rendered rescues/_trace (82.3ms)
Rendered rescues/_request_and_response (0.2ms)
Rendering rescues/layout (internal_server_error)


Processing StudentsController#index (for 127.0.0.1 at 2019-01-10 12:28:46) [GET]
  [4;35;1mStudent Load (0.3ms)[0m   [0mSELECT * FROM "students" [0m
Rendering template within layouts/students
Rendering students/index
Completed in 11ms (View: 7, DB: 0) | 200 OK [http://localhost/]


Processing StudentsController#edit (for 127.0.0.1 at 2019-01-10 12:31:56) [GET]
  Parameters: {"id"=>"3"}
  [4;36;1mStudent Load (0.2ms)[0m   [0;1mSELECT * FROM "students" WHERE ("students"."id" = 3) [0m
Rendering template within layouts/students
Rendering students/edit
Completed in 12ms (View: 7, DB: 0) | 200 OK [http://localhost/students/3/edit]


Processing StudentsController#index (for 127.0.0.1 at 2019-01-22 12:24:42) [GET]
  [4;36;1mStudent Load (0.5ms)[0m   [0;1mSELECT * FROM "students" [0m
Rendering template within layouts/students
Rendering students/index
Completed in 24ms (View: 19, DB: 0) | 200 OK [http://localhost/]


Processing StudentsController#new (for 127.0.0.1 at 2019-01-22 12:25:02) [GET]
Rendering template within layouts/students
Rendering students/new
Completed in 13ms (View: 9, DB: 0) | 200 OK [http://localhost/students/new]


Processing StudentsController#create (for 127.0.0.1 at 2019-01-22 12:25:12) [POST]
  Parameters: {"authenticity_token"=>"tkyOK188hHz5ncAUIOGWpOjV6bmdAKKzh2/JPWEN/Y4=", "student"=>{"marks"=>"91", "name"=>"Gowtham", "rank"=>"3"}, "commit"=>"Create"}
  [4;35;1mStudent Create (0.5ms)[0m   [0mINSERT INTO "students" ("updated_at", "created_at", "marks", "name", "rank") VALUES('2019-01-22 06:55:12', '2019-01-22 06:55:12', 91, 'Gowtham', 3)[0m
Redirected to http://localhost:3000/students/6
Completed in 16ms (DB: 1) | 302 Found [http://localhost/students]


Processing StudentsController#show (for 127.0.0.1 at 2019-01-22 12:25:12) [GET]
  Parameters: {"id"=>"6"}
  [4;36;1mStudent Load (0.1ms)[0m   [0;1mSELECT * FROM "students" WHERE ("students"."id" = 6) [0m
Rendering template within layouts/students
Rendering students/show
Completed in 11ms (View: 6, DB: 0) | 200 OK [http://localhost/students/6]


Processing StudentsController#index (for 127.0.0.1 at 2019-01-22 12:25:17) [GET]
  [4;35;1mStudent Load (0.4ms)[0m   [0mSELECT * FROM "students" [0m
Rendering template within layouts/students
Rendering students/index
Completed in 9ms (View: 4, DB: 0) | 200 OK [http://localhost/students]


Processing StudentsController#edit (for 127.0.0.1 at 2019-01-22 12:25:22) [GET]
  Parameters: {"id"=>"3"}
  [4;36;1mStudent Load (0.2ms)[0m   [0;1mSELECT * FROM "students" WHERE ("students"."id" = 3) [0m
Rendering template within layouts/students
Rendering students/edit
Completed in 15ms (View: 11, DB: 0) | 200 OK [http://localhost/students/3/edit]


Processing StudentsController#index (for 127.0.0.1 at 2019-01-22 12:25:26) [GET]
  [4;35;1mStudent Load (0.3ms)[0m   [0mSELECT * FROM "students" [0m
Rendering template within layouts/students
Rendering students/index
Completed in 8ms (View: 4, DB: 0) | 200 OK [http://localhost/students]
