

Processing HomeController#index (for 127.0.0.1 at 2019-01-04 17:10:35) [GET]
Rendering home/index
Completed in 8ms (View: 6, DB: 0) | 200 OK [http://localhost/home/index]


Processing HomeController#index (for 127.0.0.1 at 2019-01-04 17:16:48) [GET]
Rendering home/index
Completed in 7ms (View: 6, DB: 0) | 200 OK [http://localhost/]


Processing HomeController#index (for 127.0.0.1 at 2019-01-04 17:18:58) [GET]
Rendering home/index
Completed in 2ms (View: 1, DB: 0) | 200 OK [http://localhost/]


Processing HomeController#index (for 127.0.0.1 at 2019-01-04 17:21:45) [GET]
Rendering home/index
Completed in 2ms (View: 1, DB: 0) | 200 OK [http://localhost/]
  [4;36;1mSQL (0.3ms)[0m   [0;1m SELECT name
 FROM sqlite_master
 WHERE type = 'table' AND NOT name = 'sqlite_sequence'
[0m
  [4;35;1mSQL (0.1ms)[0m   [0mselect sqlite_version(*)[0m
  [4;36;1mSQL (8.5ms)[0m   [0;1mCREATE TABLE "schema_migrations" ("version" varchar(255) NOT NULL) [0m
  [4;35;1mSQL (0.1ms)[0m   [0mPRAGMA index_list("schema_migrations")[0m
  [4;36;1mSQL (7.1ms)[0m   [0;1mCREATE UNIQUE INDEX "unique_schema_migrations" ON "schema_migrations" ("version")[0m
  [4;35;1mSQL (0.1ms)[0m   [0m SELECT name
 FROM sqlite_master
 WHERE type = 'table' AND NOT name = 'sqlite_sequence'
[0m
  [4;36;1mSQL (0.1ms)[0m   [0;1mSELECT version FROM schema_migrations[0m
Migrating to CreatePosts (20190104115140)
  [4;35;1mSQL (0.4ms)[0m   [0mCREATE TABLE "posts" ("id" INTEGER PRIMARY KEY AUTOINCREMENT NOT NULL, "name" varchar(255), "title" varchar(255), "content" text, "created_at" datetime, "updated_at" datetime) [0m
  [4;36;1mSQL (0.1ms)[0m   [0;1mINSERT INTO schema_migrations (version) VALUES ('20190104115140')[0m
  [4;35;1mSQL (0.2ms)[0m   [0m SELECT name
 FROM sqlite_master
 WHERE type = 'table' AND NOT name = 'sqlite_sequence'
[0m
  [4;36;1mSQL (0.1ms)[0m   [0;1mSELECT version FROM schema_migrations[0m
  [4;35;1mSQL (0.1ms)[0m   [0m SELECT name
 FROM sqlite_master
 WHERE type = 'table' AND NOT name = 'sqlite_sequence'
[0m
  [4;36;1mSQL (0.1ms)[0m   [0;1mPRAGMA index_list("posts")[0m


Processing HomeController#index (for 127.0.0.1 at 2019-01-04 17:39:41) [GET]
Rendering home/index
Completed in 5ms (View: 4, DB: 0) | 200 OK [http://localhost/]


Processing PostsController#index (for 127.0.0.1 at 2019-01-04 17:39:43) [GET]
  [4;36;1mPost Load (0.3ms)[0m   [0;1mSELECT * FROM "posts" [0m
Rendering template within layouts/posts
Rendering posts/index
Completed in 15ms (View: 11, DB: 0) | 200 OK [http://localhost/posts]


Processing PostsController#new (for 127.0.0.1 at 2019-01-04 17:39:48) [GET]
Rendering template within layouts/posts
Rendering posts/new
Completed in 13ms (View: 9, DB: 0) | 200 OK [http://localhost/posts/new]


Processing PostsController#new (for 127.0.0.1 at 2019-01-04 17:40:33) [GET]
Rendering template within layouts/posts
Rendering posts/new
Completed in 10ms (View: 6, DB: 0) | 200 OK [http://localhost/posts/new]


Processing PostsController#create (for 127.0.0.1 at 2019-01-04 17:41:03) [POST]
  Parameters: {"commit"=>"Create", "authenticity_token"=>"1k0L97DCfmN6PiuMJIIahYRxWZ9HIFM3hTPPnW7knwI=", "post"=>{"name"=>"Raja Kala", "content"=>"Check!!!! Finally got this working??", "title"=>"First Post"}}
  [4;35;1mPost Create (0.2ms)[0m   [0mINSERT INTO "posts" ("name", "created_at", "content", "title", "updated_at") VALUES('Raja Kala', '2019-01-04 12:11:03', 'Check!!!! Finally got this working??', 'First Post', '2019-01-04 12:11:03')[0m
Redirected to http://localhost:3000/posts/1
Completed in 52ms (DB: 0) | 302 Found [http://localhost/posts]


Processing PostsController#show (for 127.0.0.1 at 2019-01-04 17:41:03) [GET]
  Parameters: {"id"=>"1"}
  [4;36;1mPost Load (0.2ms)[0m   [0;1mSELECT * FROM "posts" WHERE ("posts"."id" = 1) [0m
Rendering template within layouts/posts
Rendering posts/show
Completed in 9ms (View: 5, DB: 0) | 200 OK [http://localhost/posts/1]


Processing PostsController#index (for 127.0.0.1 at 2019-01-04 17:41:08) [GET]
  [4;35;1mPost Load (0.3ms)[0m   [0mSELECT * FROM "posts" [0m
Rendering template within layouts/posts
Rendering posts/index
Completed in 9ms (View: 5, DB: 0) | 200 OK [http://localhost/posts]


Processing PostsController#show (for 127.0.0.1 at 2019-01-04 17:41:15) [GET]
  Parameters: {"id"=>"1"}
  [4;36;1mPost Load (0.2ms)[0m   [0;1mSELECT * FROM "posts" WHERE ("posts"."id" = 1) [0m
Rendering template within layouts/posts
Rendering posts/show
Completed in 7ms (View: 2, DB: 0) | 200 OK [http://localhost/posts/1]


Processing PostsController#index (for 127.0.0.1 at 2019-01-04 17:41:17) [GET]
  [4;35;1mPost Load (0.3ms)[0m   [0mSELECT * FROM "posts" [0m
Rendering template within layouts/posts
Rendering posts/index
Completed in 9ms (View: 4, DB: 0) | 200 OK [http://localhost/posts]


Processing PostsController#edit (for 127.0.0.1 at 2019-01-04 17:41:18) [GET]
  Parameters: {"id"=>"1"}
  [4;36;1mPost Load (0.2ms)[0m   [0;1mSELECT * FROM "posts" WHERE ("posts"."id" = 1) [0m
Rendering template within layouts/posts
Rendering posts/edit
Completed in 14ms (View: 10, DB: 0) | 200 OK [http://localhost/posts/1/edit]


Processing PostsController#update (for 127.0.0.1 at 2019-01-04 17:41:28) [PUT]
  Parameters: {"id"=>"1", "commit"=>"Update", "authenticity_token"=>"1k0L97DCfmN6PiuMJIIahYRxWZ9HIFM3hTPPnW7knwI=", "post"=>{"name"=>"Raja Kala", "content"=>"Check!!!! Finally got this working??\r\n\r\nYup, It is!!!", "title"=>"First Post"}}
  [4;35;1mPost Load (0.2ms)[0m   [0mSELECT * FROM "posts" WHERE ("posts"."id" = 1) [0m
  [4;36;1mPost Update (0.2ms)[0m   [0;1mUPDATE "posts" SET "updated_at" = '2019-01-04 12:11:28', "content" = 'Check!!!! Finally got this working??

Yup, It is!!!' WHERE "id" = 1[0m
Redirected to http://localhost:3000/posts/1
Completed in 15ms (DB: 0) | 302 Found [http://localhost/posts/1]


Processing PostsController#show (for 127.0.0.1 at 2019-01-04 17:41:28) [GET]
  Parameters: {"id"=>"1"}
  [4;35;1mPost Load (0.2ms)[0m   [0mSELECT * FROM "posts" WHERE ("posts"."id" = 1) [0m
Rendering template within layouts/posts
Rendering posts/show
Completed in 7ms (View: 2, DB: 0) | 200 OK [http://localhost/posts/1]


Processing PostsController#index (for 127.0.0.1 at 2019-01-04 17:41:31) [GET]
  [4;36;1mPost Load (0.3ms)[0m   [0;1mSELECT * FROM "posts" [0m
Rendering template within layouts/posts
Rendering posts/index
Completed in 9ms (View: 5, DB: 0) | 200 OK [http://localhost/posts]


Processing PostsController#new (for 127.0.0.1 at 2019-01-04 17:41:37) [GET]
Rendering template within layouts/posts
Rendering posts/new
Completed in 10ms (View: 6, DB: 0) | 200 OK [http://localhost/posts/new]


Processing PostsController#create (for 127.0.0.1 at 2019-01-04 17:41:55) [POST]
  Parameters: {"commit"=>"Create", "authenticity_token"=>"1k0L97DCfmN6PiuMJIIahYRxWZ9HIFM3hTPPnW7knwI=", "post"=>{"name"=>"Now then", "content"=>"Let's see how this goes...", "title"=>"Second post"}}
  [4;35;1mPost Create (0.2ms)[0m   [0mINSERT INTO "posts" ("name", "created_at", "content", "title", "updated_at") VALUES('Now then', '2019-01-04 12:11:55', 'Let''s see how this goes...', 'Second post', '2019-01-04 12:11:55')[0m
Redirected to http://localhost:3000/posts/2
Completed in 12ms (DB: 0) | 302 Found [http://localhost/posts]


Processing PostsController#show (for 127.0.0.1 at 2019-01-04 17:41:55) [GET]
  Parameters: {"id"=>"2"}
  [4;36;1mPost Load (0.1ms)[0m   [0;1mSELECT * FROM "posts" WHERE ("posts"."id" = 2) [0m
Rendering template within layouts/posts
Rendering posts/show
Completed in 7ms (View: 2, DB: 0) | 200 OK [http://localhost/posts/2]


Processing PostsController#index (for 127.0.0.1 at 2019-01-04 17:41:57) [GET]
  [4;35;1mPost Load (0.3ms)[0m   [0mSELECT * FROM "posts" [0m
Rendering template within layouts/posts
Rendering posts/index
Completed in 9ms (View: 5, DB: 0) | 200 OK [http://localhost/posts]


Processing HomeController#index (for 127.0.0.1 at 2019-01-09 10:59:35) [GET]
Rendering home/index
Completed in 9ms (View: 8, DB: 0) | 200 OK [http://localhost/]


Processing PostsController#index (for 127.0.0.1 at 2019-01-09 10:59:38) [GET]
  [4;36;1mPost Load (0.4ms)[0m   [0;1mSELECT * FROM "posts" [0m
Rendering template within layouts/posts
Rendering posts/index
Completed in 20ms (View: 15, DB: 0) | 200 OK [http://localhost/posts]


Processing PostsController#index (for 127.0.0.1 at 2019-01-09 11:02:56) [GET]
  [4;36;1mPost Load (0.4ms)[0m   [0;1mSELECT * FROM "posts" [0m
Rendering template within layouts/posts
Rendering posts/index
Completed in 22ms (View: 17, DB: 0) | 200 OK [http://localhost/posts]
